<?xml version="1.0" encoding="UTF-8"?>
<!-- Generated by org.testng.reporters.JUnitReportReporter -->
<testsuite hostname="DESKTOP-LRN39M1" name="academy.LoginPageTC" tests="2" failures="0" timestamp="13 Jun 2021 10:00:33 GMT" time="20.839" errors="0">
  <testcase name="getAllTC" time="13.487" classname="academy.LoginPageTC"/>
  <testcase name="getAllTC" time="7.352" classname="academy.LoginPageTC"/>
</testsuite> <!-- academy.LoginPageTC -->
