<?xml version="1.0" encoding="UTF-8"?>
<!-- Generated by org.testng.reporters.JUnitReportReporter -->
<testsuite hostname="DESKTOP-LRN39M1" name="academy.LoginPageTC" tests="2" failures="0" timestamp="12 Jun 2021 12:36:33 GMT" time="22.376" errors="0">
  <testcase name="getAllTC" time="15.542" classname="academy.LoginPageTC"/>
  <testcase name="getAllTC" time="6.834" classname="academy.LoginPageTC"/>
</testsuite> <!-- academy.LoginPageTC -->
