<?xml version="1.0" encoding="UTF-8"?>
<!-- Generated by org.testng.reporters.JUnitReportReporter -->
<testsuite hostname="DESKTOP-LRN39M1" name="academy.HomePage" tests="2" failures="0" timestamp="12 Jun 2021 12:36:33 GMT" time="0.379" errors="0">
  <testcase name="getnavbarTc" time="0.297" classname="academy.HomePage"/>
  <testcase name="getTextTc" time="0.082" classname="academy.HomePage"/>
</testsuite> <!-- academy.HomePage -->
